-------------------------------------------------------------------------------
Test set: basdijkstra.ArithmeticCapabilityTest
-------------------------------------------------------------------------------
Tests run: 2, Failures: 1, Errors: 0, Skipped: 0, Time elapsed: 0.065 s <<< FAILURE! - in basdijkstra.ArithmeticCapabilityTest
additionFail(basdijkstra.ArithmeticCapabilityTest)  Time elapsed: 0.01 s  <<< FAILURE!
java.lang.AssertionError: expected:<7> but was:<10>
	at basdijkstra.ArithmeticCapabilityTest.additionFail(ArithmeticCapabilityTest.java:18)

