<?xml version="1.0" encoding="UTF-8"?>
<testsuite xmlns:xsi="http://www.w3.org/2001/XMLSchema-instance" xsi:schemaLocation="https://maven.apache.org/surefire/maven-surefire-plugin/xsd/surefire-test-report.xsd" name="basdijkstra.APITests.JsonPlaceHolderAPITest" time="8.345" tests="2" errors="0" skipped="0" failures="0">
  <properties>
[...]
</properties>
  <testcase name="checkUser1Information" classname="basdijkstra.APITests.JsonPlaceHolderAPITest" time="6.642"/>
  <testcase name="createBlogPost" classname="basdijkstra.APITests.JsonPlaceHolderAPITest" time="0.395"/>
</testsuite>