<?xml version="1.0" encoding="UTF-8"?>
<testsuite xmlns:xsi="http://www.w3.org/2001/XMLSchema-instance" xsi:noNamespaceSchemaLocation="https://maven.apache.org/surefire/maven-surefire-plugin/xsd/surefire-test-report.xsd" name="basdijkstra.ArithmeticCapabilityTest" time="0.065" tests="2" errors="0" skipped="0" failures="1">
  <properties>
[...]
</properties>
  <testcase name="additionFail" classname="basdijkstra.ArithmeticCapabilityTest" time="0.01">
    <failure message="expected:&lt;7&gt; but was:&lt;10&gt;" type="java.lang.AssertionError"><![CDATA[java.lang.AssertionError: expected:<7> but was:<10>
	at basdijkstra.ArithmeticCapabilityTest.additionFail(ArithmeticCapabilityTest.java:18)
]]></failure>
  </testcase>
  <testcase name="additionPass" classname="basdijkstra.ArithmeticCapabilityTest" time="0"/>
</testsuite>