<?xml version="1.0" encoding="UTF-8"?>
<testsuite xmlns:xsi="http://www.w3.org/2001/XMLSchema-instance" xsi:noNamespaceSchemaLocation="https://maven.apache.org/surefire/maven-surefire-plugin/xsd/surefire-test-report.xsd" name="basdijkstra.ArithmeticCapabilityTest" time="0.114" tests="2" errors="0" skipped="1" failures="0">
  <properties>
[...]
</properties>
  <testcase name="additionFail" classname="basdijkstra.ArithmeticCapabilityTest" time="0">
    <skipped/>
  </testcase>
  <testcase name="additionPass" classname="basdijkstra.ArithmeticCapabilityTest" time="0.004"/>
</testsuite>